<?xml version="1.0" encoding="UTF-8"?>
<!-- Generated by org.testng.reporters.JUnitReportReporter -->
<testsuite hostname="DESKTOP-GTEVIFT" failures="0" tests="2" name="testng_Practice.DataProvider_SingleClass_Store_FetchDataTest" time="0.026" errors="0" timestamp="2023-08-04T13:30:52 IST" skipped="0">
  <testcase classname="testng_Practice.DataProvider_SingleClass_Store_FetchDataTest" name="Fetchdata" time="0.020"/>
  <system-out/>
  <testcase classname="testng_Practice.DataProvider_SingleClass_Store_FetchDataTest" name="Fetchdata" time="0.006"/>
  <system-out/>
</testsuite> <!-- testng_Practice.DataProvider_SingleClass_Store_FetchDataTest -->
