<?xml version="1.0" encoding="UTF-8"?>
<!-- Generated by org.testng.reporters.JUnitReportReporter -->
<testsuite hostname="DESKTOP-GTEVIFT" failures="0" tests="1" name="captcha_Practice.Login_with_captcha" time="31.004" errors="0" timestamp="2023-09-30T12:24:29 IST" skipped="0">
  <testcase classname="captcha_Practice.Login_with_captcha" name="Text_captcha" time="31.004"/>
</testsuite> <!-- captcha_Practice.Login_with_captcha -->
