<?xml version="1.0" encoding="UTF-8"?>
<!-- Generated by org.testng.reporters.JUnitReportReporter -->
<testsuite hostname="DESKTOP-GTEVIFT" failures="0" tests="4" name="testng_Practice.DataProvider_FetchData_ExcelTest" time="0.026" errors="0" timestamp="2023-08-04T16:37:47 IST" skipped="0">
  <testcase classname="testng_Practice.DataProvider_FetchData_ExcelTest" name="fetchDataFromExcel" time="0.003"/>
  <system-out/>
  <testcase classname="testng_Practice.DataProvider_FetchData_ExcelTest" name="fetchDataFromExcel" time="0.003"/>
  <system-out/>
  <testcase classname="testng_Practice.DataProvider_FetchData_ExcelTest" name="fetchDataFromExcel" time="0.003"/>
  <system-out/>
  <testcase classname="testng_Practice.DataProvider_FetchData_ExcelTest" name="fetchDataFromExcel" time="0.017"/>
  <system-out/>
</testsuite> <!-- testng_Practice.DataProvider_FetchData_ExcelTest -->
