<?xml version="1.0" encoding="UTF-8"?>
<!-- Generated by org.testng.reporters.JUnitReportReporter -->
<testsuite hostname="DESKTOP-GTEVIFT" failures="0" tests="3" name="testng_Practice.Running_Muliple_TestsTest" time="0.033" errors="0" timestamp="2023-08-04T11:20:28 IST" skipped="0">
  <testcase classname="testng_Practice.Running_Muliple_TestsTest" name="deletedata" time="0.004"/>
  <system-out/>
  <testcase classname="testng_Practice.Running_Muliple_TestsTest" name="editdata" time="0.006"/>
  <system-out/>
  <testcase classname="testng_Practice.Running_Muliple_TestsTest" name="createdata" time="0.023"/>
  <system-out/>
</testsuite> <!-- testng_Practice.Running_Muliple_TestsTest -->
