<?xml version="1.0" encoding="UTF-8"?>
<!-- Generated by org.testng.reporters.JUnitReportReporter -->
<testsuite hostname="DESKTOP-GTEVIFT" failures="0" tests="7" name="testng_Practice.DataProvider_FetchData_OtherClassTest" time="0.035" errors="0" timestamp="2023-08-04T15:06:40 IST" skipped="0">
  <testcase classname="testng_Practice.DataProvider_FetchData_OtherClassTest" name="Fetchdata" time="0.002"/>
  <system-out/>
  <testcase classname="testng_Practice.DataProvider_FetchData_OtherClassTest" name="FetchData" time="0.018"/>
  <system-out/>
  <testcase classname="testng_Practice.DataProvider_FetchData_OtherClassTest" name="Fetchdata" time="0.003"/>
  <system-out/>
  <testcase classname="testng_Practice.DataProvider_FetchData_OtherClassTest" name="Fetchdata" time="0.003"/>
  <system-out/>
  <testcase classname="testng_Practice.DataProvider_FetchData_OtherClassTest" name="FetchData" time="0.003"/>
  <system-out/>
  <testcase classname="testng_Practice.DataProvider_FetchData_OtherClassTest" name="Fetchdata" time="0.003"/>
  <system-out/>
  <testcase classname="testng_Practice.DataProvider_FetchData_OtherClassTest" name="Fetchdata" time="0.003"/>
  <system-out/>
</testsuite> <!-- testng_Practice.DataProvider_FetchData_OtherClassTest -->
