<?xml version="1.0" encoding="UTF-8"?>
<!-- Generated by org.testng.reporters.JUnitReportReporter -->
<testsuite hostname="DESKTOP-GTEVIFT" failures="0" tests="5" name="testng_Practice.Use_InvocationCountTest" time="0.053" errors="0" timestamp="2023-08-04T12:11:38 IST" skipped="0">
  <testcase classname="testng_Practice.Use_InvocationCountTest" name="createdata" time="0.024"/>
  <system-out/>
  <testcase classname="testng_Practice.Use_InvocationCountTest" name="createdata" time="0.010"/>
  <system-out/>
  <testcase classname="testng_Practice.Use_InvocationCountTest" name="createdata" time="0.005"/>
  <system-out/>
  <testcase classname="testng_Practice.Use_InvocationCountTest" name="editdata" time="0.011"/>
  <system-out/>
  <testcase classname="testng_Practice.Use_InvocationCountTest" name="editdata" time="0.003"/>
  <system-out/>
</testsuite> <!-- testng_Practice.Use_InvocationCountTest -->
