<?xml version="1.0" encoding="UTF-8"?>
<!-- Generated by org.testng.reporters.JUnitReportReporter -->
<testsuite hostname="DESKTOP-GTEVIFT" failures="0" tests="4" name="testng_Practice.Data_Provider_FetchData_ExcelUtilityTest" time="0.046" errors="0" timestamp="2023-08-04T16:31:24 IST" skipped="0">
  <testcase classname="testng_Practice.Data_Provider_FetchData_ExcelUtilityTest" name="fetchData" time="0.018"/>
  <system-out/>
  <testcase classname="testng_Practice.Data_Provider_FetchData_ExcelUtilityTest" name="fetchData" time="0.006"/>
  <system-out/>
  <testcase classname="testng_Practice.Data_Provider_FetchData_ExcelUtilityTest" name="fetchData" time="0.015"/>
  <system-out/>
  <testcase classname="testng_Practice.Data_Provider_FetchData_ExcelUtilityTest" name="fetchData" time="0.007"/>
  <system-out/>
</testsuite> <!-- testng_Practice.Data_Provider_FetchData_ExcelUtilityTest -->
