<?xml version="1.0" encoding="UTF-8"?>
<!-- Generated by org.testng.reporters.JUnitReportReporter -->
<testsuite hostname="DESKTOP-GTEVIFT" failures="0" tests="1" name="testng_Practice.Application_Launch_BaseClassTest" time="33.708" errors="0" timestamp="2023-08-07T13:01:09 IST" skipped="0">
  <testcase classname="testng_Practice.Application_Launch_BaseClassTest" name="launchapp" time="33.708"/>
</testsuite> <!-- testng_Practice.Application_Launch_BaseClassTest -->
