<?xml version="1.0" encoding="UTF-8"?>
<!-- Generated by org.testng.reporters.JUnitReportReporter -->
<testsuite hostname="DESKTOP-GTEVIFT" failures="0" tests="1" name="testng_Practice.Soft_AssertTest" time="0.070" errors="0" timestamp="2023-11-17T15:21:19 IST" skipped="0">
  <testcase classname="testng_Practice.Soft_AssertTest" name="demo2" time="0.070">
    <system-out>
      <![CDATA[Test case is passed]]>
    </system-out>
  </testcase> <!-- demo2 -->
  <system-out>
    <![CDATA[Test case is passed]]>
  </system-out>
</testsuite> <!-- testng_Practice.Soft_AssertTest -->
