<?xml version="1.0" encoding="UTF-8"?>
<!-- Generated by org.testng.reporters.JUnitReportReporter -->
<testsuite hostname="Kiran" failures="0" tests="1" name="interview_practice.SpiceJet_Assignment" time="34.949" errors="0" timestamp="2024-01-02T10:43:13 IST" skipped="0">
  <testcase classname="interview_practice.SpiceJet_Assignment" name="SelectMinFlight" time="34.949"/>
</testsuite> <!-- interview_practice.SpiceJet_Assignment -->
