<?xml version="1.0" encoding="UTF-8"?>
<!-- Generated by org.testng.reporters.JUnitReportReporter -->
<testsuite hostname="DESKTOP-GTEVIFT" failures="0" tests="3" name="testng_Practice.Use_Priority_MultipleTestsTest" time="0.031" errors="0" timestamp="2023-08-04T11:29:41 IST" skipped="0">
  <testcase classname="testng_Practice.Use_Priority_MultipleTestsTest" name="deletedata" time="0.025"/>
  <system-out/>
  <testcase classname="testng_Practice.Use_Priority_MultipleTestsTest" name="createdata" time="0.003"/>
  <system-out/>
  <testcase classname="testng_Practice.Use_Priority_MultipleTestsTest" name="editdata" time="0.003"/>
  <system-out/>
</testsuite> <!-- testng_Practice.Use_Priority_MultipleTestsTest -->
