<?xml version="1.0" encoding="UTF-8"?>
<!-- Generated by org.testng.reporters.JUnitReportReporter -->
<testsuite hostname="DESKTOP-GTEVIFT" failures="0" tests="2" name="testng_Practice.TestNg_Batch_ExecuTest$Testclass2" time="0.037" errors="0" timestamp="2023-08-07T15:06:41 IST" skipped="0">
  <testcase classname="testng_Practice.TestNg_Batch_ExecuTest$Testclass2" name="test2" time="0.008"/>
  <testcase classname="testng_Practice.TestNg_Batch_ExecuTest$Testclass2" name="test1" time="0.029"/>
</testsuite> <!-- testng_Practice.TestNg_Batch_ExecuTest$Testclass2 -->
