<?xml version="1.0" encoding="UTF-8"?>
<!-- Generated by org.testng.reporters.JUnitReportReporter -->
<testsuite hostname="DESKTOP-GTEVIFT" failures="0" tests="1" name="testng_Practice.Sample_TestNgTest" time="0.026" errors="0" timestamp="2023-08-04T11:20:04 IST" skipped="0">
  <testcase classname="testng_Practice.Sample_TestNgTest" name="myproject" time="0.026"/>
  <system-out/>
</testsuite> <!-- testng_Practice.Sample_TestNgTest -->
