<?xml version="1.0" encoding="UTF-8"?>
<!-- Generated by org.testng.reporters.JUnitReportReporter -->
<testsuite hostname="DESKTOP-GTEVIFT" failures="0" tests="2" name="testng_Practice.TestNG_Annotations_Mul_TestScriptsTest" time="0.039" errors="0" timestamp="2023-08-07T16:14:06 IST" skipped="0">
  <testcase classname="testng_Practice.TestNG_Annotations_Mul_TestScriptsTest" name="testScript" time="0.025"/>
  <testcase classname="testng_Practice.TestNG_Annotations_Mul_TestScriptsTest" name="testScript1" time="0.014"/>
</testsuite> <!-- testng_Practice.TestNG_Annotations_Mul_TestScriptsTest -->
