<?xml version="1.0" encoding="UTF-8"?>
<!-- Generated by org.testng.reporters.JUnitReportReporter -->
<testsuite hostname="DESKTOP-GTEVIFT" failures="0" tests="1" name="testng_Practice.Application_Launch_BaseClassTest" time="15.820" errors="0" timestamp="2023-11-16T15:11:54 IST" skipped="0">
  <testcase classname="testng_Practice.Application_Launch_BaseClassTest" name="launchapp" time="15.820"/>
</testsuite> <!-- testng_Practice.Application_Launch_BaseClassTest -->
