<?xml version="1.0" encoding="UTF-8"?>
<!-- Generated by org.testng.reporters.JUnitReportReporter -->
<testsuite hostname="DESKTOP-GTEVIFT" failures="0" tests="1" name="testng_Practice.TestNG_Annotations_BasicsTest" time="0.047" errors="0" timestamp="2023-08-07T16:14:06 IST" skipped="0">
  <testcase classname="testng_Practice.TestNG_Annotations_BasicsTest" name="testScript" time="0.047"/>
</testsuite> <!-- testng_Practice.TestNG_Annotations_BasicsTest -->
