<?xml version="1.0" encoding="UTF-8"?>
<!-- Generated by org.testng.reporters.JUnitReportReporter -->
<testsuite hostname="DESKTOP-GTEVIFT" failures="0" tests="1" name="testng_Practice.Hard_AssertTest" time="0.035" errors="0" timestamp="2023-11-16T15:37:11 IST" skipped="0">
  <testcase classname="testng_Practice.Hard_AssertTest" name="demo1" time="0.035"/>
</testsuite> <!-- testng_Practice.Hard_AssertTest -->
